{"timestamp": 1713357516226, "out1": "--", "out2": "--", "out3": "--"}
{"timestamp": 1713357516246, "out1": "--", "out2": "--", "out3": "0.0"}
{"timestamp": 1713357516266, "out1": "1.0", "out2": "--", "out3": "--"}
{"timestamp": 1713357516286, "out1": "1.9", "out2": "--", "out3": "--"}
{"timestamp": 1713357516306, "out1": "--", "out2": "--", "out3": "--"}
{"timestamp": 1713357516326, "out1": "--", "out2": "--", "out3": "--"}
{"timestamp": 1713357516346, "out1": "3.6", "out2": "-3.0", "out3": "--"}
{"timestamp": 1713357516366, "out1": "--", "out2": "--", "out3": "--"}
{"timestamp": 1713357516386, "out1": "3.9", "out2": "--", "out3": "--"}
{"timestamp": 1713357516406, "out1": "3.8", "out2": "--", "out3": "--"}
{"timestamp": 1713357516426, "out1": "3.4", "out2": "--", "out3": "--"}
{"timestamp": 1713357516446, "out1": "2.4", "out2": "--", "out3": "--"}
{"timestamp": 1713357516466, "out1": "1.5", "out2": "--", "out3": "--"}
{"timestamp": 1713357516486, "out1": "--", "out2": "--", "out3": "--"}
{"timestamp": 1713357516506, "out1": "-0.5", "out2": "--", "out3": "--"}
{"timestamp": 1713357516526, "out1": "-1.0", "out2": "--", "out3": "--"}
{"timestamp": 1713357516546, "out1": "--", "out2": "-4.0", "out3": "--"}
{"timestamp": 1713357516566, "out1": "--", "out2": "--", "out3": "--"}
{"timestamp": 1713357516586, "out1": "-3.4", "out2": "--", "out3": "--"}
{"timestamp": 1713357516606, "out1": "-3.8", "out2": "--", "out3": "--"}
{"timestamp": 1713357516626, "out1": "--", "out2": "--", "out3": "--"}
{"timestamp": 1713357516646, "out1": "-3.9", "out2": "--", "out3": "--"}
{"timestamp": 1713357516666, "out1": "--", "out2": "--", "out3": "--"}
{"timestamp": 1713357516686, "out1": "-2.7", "out2": "--", "out3": "--"}
{"timestamp": 1713357516706, "out1": "-1.9", "out2": "--", "out3": "--"}
{"timestamp": 1713357516726, "out1": "-1.0", "out2": "--", "out3": "--"}
{"timestamp": 1713357516746, "out1": "0.0", "out2": "-5.0", "out3": "5.0"}
{"timestamp": 1713357516766, "out1": "1.0", "out2": "--", "out3": "--"}
{"timestamp": 1713357516786, "out1": "--", "out2": "--", "out3": "--"}
{"timestamp": 1713357516806, "out1": "2.5", "out2": "--", "out3": "--"}
{"timestamp": 1713357516826, "out1": "--", "out2": "--", "out3": "--"}
{"timestamp": 1713357516846, "out1": "--", "out2": "--", "out3": "--"}
{"timestamp": 1713357516866, "out1": "5.1", "out2": "--", "out3": "--"}
{"timestamp": 1713357516886, "out1": "5.8", "out2": "--", "out3": "--"}
{"timestamp": 1713357516906, "out1": "6.5", "out2": "--", "out3": "--"}
{"timestamp": 1713357516926, "out1": "--", "out2": "--", "out3": "--"}
{"timestamp": 1713357516946, "out1": "--", "out2": "-4.0", "out3": "--"}
{"timestamp": 1713357516966, "out1": "7.9", "out2": "--", "out3": "--"}
{"timestamp": 1713357516986, "out1": "8.0", "out2": "--", "out3": "--"}
{"timestamp": 1713357517006, "out1": "8.0", "out2": "--", "out3": "--"}
{"timestamp": 1713357517026, "out1": "7.9", "out2": "--", "out3": "--"}
{"timestamp": 1713357517046, "out1": "7.6", "out2": "--", "out3": "--"}
{"timestamp": 1713357517066, "out1": "--", "out2": "--", "out3": "--"}
{"timestamp": 1713357517086, "out1": "6.8", "out2": "--", "out3": "--"}
{"timestamp": 1713357517106, "out1": "--", "out2": "--", "out3": "--"}
{"timestamp": 1713357517126, "out1": "5.8", "out2": "--", "out3": "--"}
{"timestamp": 1713357517146, "out1": "4.7", "out2": "-3.0", "out3": "--"}
{"timestamp": 1713357517166, "out1": "3.9", "out2": "--", "out3": "--"}
{"timestamp": 1713357517186, "out1": "--", "out2": "--", "out3": "--"}
{"timestamp": 1713357517206, "out1": "2.0", "out2": "--", "out3": "--"}
{"timestamp": 1713357517226, "out1": "--", "out2": "--", "out3": "--"}
{"timestamp": 1713357517246, "out1": "0.5", "out2": "--", "out3": "5.0"}
{"timestamp": 1713357517266, "out1": "-1.0", "out2": "--", "out3": "--"}
{"timestamp": 1713357517286, "out1": "-2.0", "out2": "--", "out3": "--"}
{"timestamp": 1713357517306, "out1": "-2.9", "out2": "--", "out3": "--"}
{"timestamp": 1713357517326, "out1": "-3.9", "out2": "--", "out3": "--"}
{"timestamp": 1713357517346, "out1": "--", "out2": "-2.0", "out3": "--"}
{"timestamp": 1713357517366, "out1": "--", "out2": "--", "out3": "--"}
{"timestamp": 1713357517386, "out1": "-5.8", "out2": "--", "out3": "--"}
{"timestamp": 1713357517406, "out1": "-6.5", "out2": "--", "out3": "--"}
{"timestamp": 1713357517426, "out1": "-7.2", "out2": "--", "out3": "--"}
{"timestamp": 1713357517446, "out1": "--", "out2": "--", "out3": "--"}
{"timestamp": 1713357517466, "out1": "--", "out2": "--", "out3": "--"}
{"timestamp": 1713357517486, "out1": "--", "out2": "--", "out3": "--"}
{"timestamp": 1713357517506, "out1": "--", "out2": "--", "out3": "--"}
{"timestamp": 1713357517526, "out1": "--", "out2": "--", "out3": "--"}
{"timestamp": 1713357517546, "out1": "--", "out2": "-1.0", "out3": "--"}
{"timestamp": 1713357517566, "out1": "-7.2", "out2": "--", "out3": "--"}
{"timestamp": 1713357517586, "out1": "-7.0", "out2": "--", "out3": "--"}
{"timestamp": 1713357517606, "out1": "-6.2", "out2": "--", "out3": "--"}
{"timestamp": 1713357517626, "out1": "-5.5", "out2": "--", "out3": "--"}
{"timestamp": 1713357517646, "out1": "-4.7", "out2": "--", "out3": "--"}
{"timestamp": 1713357517666, "out1": "-3.9", "out2": "--", "out3": "--"}
{"timestamp": 1713357517686, "out1": "-2.9", "out2": "--", "out3": "--"}
{"timestamp": 1713357517706, "out1": "--", "out2": "--", "out3": "--"}
{"timestamp": 1713357517726, "out1": "--", "out2": "--", "out3": "--"}
{"timestamp": 1713357517746, "out1": "0.0", "out2": "-0.0", "out3": "5.0"}
{"timestamp": 1713357517766, "out1": "1.0", "out2": "--", "out3": "--"}
{"timestamp": 1713357517786, "out1": "2.0", "out2": "--", "out3": "--"}
{"timestamp": 1713357517806, "out1": "2.5", "out2": "--", "out3": "--"}
{"timestamp": 1713357517826, "out1": "3.9", "out2": "--", "out3": "--"}
{"timestamp": 1713357517846, "out1": "4.3", "out2": "--", "out3": "--"}
{"timestamp": 1713357517866, "out1": "5.1", "out2": "--", "out3": "--"}
{"timestamp": 1713357517886, "out1": "6.2", "out2": "--", "out3": "--"}
{"timestamp": 1713357517906, "out1": "6.5", "out2": "--", "out3": "--"}
{"timestamp": 1713357517926, "out1": "--", "out2": "--", "out3": "--"}
{"timestamp": 1713357517946, "out1": "7.4", "out2": "1.0", "out3": "--"}
{"timestamp": 1713357517966, "out1": "7.9", "out2": "--", "out3": "--"}
{"timestamp": 1713357517986, "out1": "--", "out2": "--", "out3": "--"}
{"timestamp": 1713357518006, "out1": "8.0", "out2": "--", "out3": "--"}
{"timestamp": 1713357518026, "out1": "--", "out2": "--", "out3": "--"}
{"timestamp": 1713357518046, "out1": "7.7", "out2": "--", "out3": "--"}
{"timestamp": 1713357518066, "out1": "7.4", "out2": "--", "out3": "--"}
{"timestamp": 1713357518086, "out1": "7.0", "out2": "--", "out3": "--"}
{"timestamp": 1713357518106, "out1": "--", "out2": "--", "out3": "--"}
{"timestamp": 1713357518126, "out1": "5.8", "out2": "--", "out3": "--"}
{"timestamp": 1713357518146, "out1": "5.1", "out2": "2.0", "out3": "--"}
{"timestamp": 1713357518166, "out1": "4.3", "out2": "--", "out3": "--"}
{"timestamp": 1713357518186, "out1": "2.9", "out2": "--", "out3": "--"}
{"timestamp": 1713357518206, "out1": "--", "out2": "--", "out3": "--"}
{"timestamp": 1713357518226, "out1": "1.0", "out2": "--", "out3": "--"}
{"timestamp": 1713357518246, "out1": "-0.0", "out2": "--", "out3": "5.0"}
{"timestamp": 1713357518266, "out1": "-0.5", "out2": "--", "out3": "--"}
{"timestamp": 1713357518286, "out1": "-2.0", "out2": "--", "out3": "--"}
{"timestamp": 1713357518306, "out1": "-2.9", "out2": "--", "out3": "--"}
{"timestamp": 1713357518326, "out1": "-3.9", "out2": "--", "out3": "--"}
{"timestamp": 1713357518346, "out1": "-4.3", "out2": "3.0", "out3": "--"}
{"timestamp": 1713357518366, "out1": "--", "out2": "--", "out3": "--"}
{"timestamp": 1713357518386, "out1": "-5.8", "out2": "--", "out3": "--"}
{"timestamp": 1713357518406, "out1": "-6.8", "out2": "--", "out3": "--"}
{"timestamp": 1713357518426, "out1": "--", "out2": "--", "out3": "--"}
{"timestamp": 1713357518446, "out1": "--", "out2": "--", "out3": "--"}
{"timestamp": 1713357518466, "out1": "--", "out2": "--", "out3": "--"}
{"timestamp": 1713357518486, "out1": "--", "out2": "--", "out3": "--"}
{"timestamp": 1713357518506, "out1": "-8.0", "out2": "--", "out3": "--"}
{"timestamp": 1713357518526, "out1": "-7.9", "out2": "--", "out3": "--"}
{"timestamp": 1713357518546, "out1": "--", "out2": "4.0", "out3": "--"}
{"timestamp": 1713357518566, "out1": "--", "out2": "--", "out3": "--"}
{"timestamp": 1713357518586, "out1": "-6.8", "out2": "--", "out3": "--"}
{"timestamp": 1713357518606, "out1": "-6.5", "out2": "--", "out3": "--"}
{"timestamp": 1713357518626, "out1": "-5.5", "out2": "--", "out3": "--"}
{"timestamp": 1713357518646, "out1": "--", "out2": "--", "out3": "--"}
{"timestamp": 1713357518666, "out1": "-3.9", "out2": "--", "out3": "--"}
{"timestamp": 1713357518686, "out1": "--", "out2": "--", "out3": "--"}
{"timestamp": 1713357518706, "out1": "--", "out2": "--", "out3": "--"}
{"timestamp": 1713357518726, "out1": "--", "out2": "--", "out3": "--"}
{"timestamp": 1713357518746, "out1": "--", "out2": "5.0", "out3": "5.0"}
{"timestamp": 1713357518766, "out1": "1.0", "out2": "--", "out3": "--"}
{"timestamp": 1713357518786, "out1": "1.5", "out2": "--", "out3": "--"}
{"timestamp": 1713357518806, "out1": "2.9", "out2": "--", "out3": "--"}
{"timestamp": 1713357518826, "out1": "3.9", "out2": "--", "out3": "--"}
{"timestamp": 1713357518846, "out1": "4.7", "out2": "--", "out3": "--"}
{"timestamp": 1713357518866, "out1": "5.1", "out2": "--", "out3": "--"}
{"timestamp": 1713357518886, "out1": "--", "out2": "--", "out3": "--"}
{"timestamp": 1713357518906, "out1": "6.5", "out2": "--", "out3": "--"}
{"timestamp": 1713357518926, "out1": "7.0", "out2": "--", "out3": "--"}
{"timestamp": 1713357518946, "out1": "--", "out2": "4.0", "out3": "--"}
{"timestamp": 1713357518966, "out1": "7.9", "out2": "--", "out3": "--"}
{"timestamp": 1713357518986, "out1": "7.9", "out2": "--", "out3": "--"}
{"timestamp": 1713357519006, "out1": "--", "out2": "--", "out3": "--"}
{"timestamp": 1713357519026, "out1": "--", "out2": "--", "out3": "--"}
{"timestamp": 1713357519046, "out1": "--", "out2": "--", "out3": "--"}
{"timestamp": 1713357519066, "out1": "7.4", "out2": "--", "out3": "--"}
{"timestamp": 1713357519086, "out1": "6.8", "out2": "--", "out3": "--"}
{"timestamp": 1713357519106, "out1": "--", "out2": "--", "out3": "--"}
{"timestamp": 1713357519126, "out1": "5.5", "out2": "--", "out3": "--"}
{"timestamp": 1713357519146, "out1": "--", "out2": "3.0", "out3": "--"}
{"timestamp": 1713357519166, "out1": "3.9", "out2": "--", "out3": "--"}
{"timestamp": 1713357519186, "out1": "2.9", "out2": "--", "out3": "--"}
{"timestamp": 1713357519206, "out1": "--", "out2": "--", "out3": "--"}
{"timestamp": 1713357519226, "out1": "1.5", "out2": "--", "out3": "--"}
{"timestamp": 1713357519246, "out1": "--", "out2": "--", "out3": "5.0"}
{"timestamp": 1713357519266, "out1": "--", "out2": "--", "out3": "--"}
{"timestamp": 1713357519286, "out1": "-1.5", "out2": "--", "out3": "--"}
{"timestamp": 1713357519306, "out1": "--", "out2": "--", "out3": "--"}
{"timestamp": 1713357519326, "out1": "-3.9", "out2": "--", "out3": "--"}
{"timestamp": 1713357519346, "out1": "--", "out2": "2.0", "out3": "--"}
{"timestamp": 1713357519366, "out1": "-5.5", "out2": "--", "out3": "--"}
{"timestamp": 1713357519386, "out1": "--", "out2": "--", "out3": "--"}
{"timestamp": 1713357519406, "out1": "-6.5", "out2": "--", "out3": "--"}
{"timestamp": 1713357519426, "out1": "-7.0", "out2": "--", "out3": "--"}
{"timestamp": 1713357519446, "out1": "--", "out2": "--", "out3": "--"}
{"timestamp": 1713357519466, "out1": "-7.9", "out2": "--", "out3": "--"}
{"timestamp": 1713357519486, "out1": "--", "out2": "--", "out3": "--"}
{"timestamp": 1713357519506, "out1": "-8.0", "out2": "--", "out3": "--"}
{"timestamp": 1713357519526, "out1": "-7.9", "out2": "--", "out3": "--"}
{"timestamp": 1713357519546, "out1": "--", "out2": "1.0", "out3": "--"}
{"timestamp": 1713357519566, "out1": "-7.4", "out2": "--", "out3": "--"}
{"timestamp": 1713357519586, "out1": "--", "out2": "--", "out3": "--"}
{"timestamp": 1713357519606, "out1": "-6.2", "out2": "--", "out3": "--"}
{"timestamp": 1713357519626, "out1": "-5.8", "out2": "--", "out3": "--"}
{"timestamp": 1713357519646, "out1": "--", "out2": "--", "out3": "--"}
{"timestamp": 1713357519666, "out1": "-3.9", "out2": "--", "out3": "--"}
{"timestamp": 1713357519686, "out1": "-2.9", "out2": "--", "out3": "--"}
{"timestamp": 1713357519706, "out1": "--", "out2": "--", "out3": "--"}
{"timestamp": 1713357519726, "out1": "-1.0", "out2": "--", "out3": "--"}
{"timestamp": 1713357519746, "out1": "--", "out2": "0.0", "out3": "5.0"}
{"timestamp": 1713357519766, "out1": "1.0", "out2": "--", "out3": "--"}
{"timestamp": 1713357519786, "out1": "--", "out2": "--", "out3": "--"}
{"timestamp": 1713357519806, "out1": "--", "out2": "--", "out3": "--"}
{"timestamp": 1713357519826, "out1": "3.9", "out2": "--", "out3": "--"}
{"timestamp": 1713357519846, "out1": "--", "out2": "--", "out3": "--"}
{"timestamp": 1713357519866, "out1": "--", "out2": "--", "out3": "--"}
{"timestamp": 1713357519886, "out1": "5.8", "out2": "--", "out3": "--"}
{"timestamp": 1713357519906, "out1": "6.5", "out2": "--", "out3": "--"}
{"timestamp": 1713357519926, "out1": "7.2", "out2": "--", "out3": "--"}
{"timestamp": 1713357519946, "out1": "--", "out2": "-1.0", "out3": "--"}
{"timestamp": 1713357519966, "out1": "--", "out2": "--", "out3": "--"}
{"timestamp": 1713357519986, "out1": "8.0", "out2": "--", "out3": "--"}
{"timestamp": 1713357520006, "out1": "8.0", "out2": "--", "out3": "--"}
{"timestamp": 1713357520026, "out1": "--", "out2": "--", "out3": "--"}
{"timestamp": 1713357520046, "out1": "--", "out2": "--", "out3": "--"}
{"timestamp": 1713357520066, "out1": "7.2", "out2": "--", "out3": "--"}
{"timestamp": 1713357520086, "out1": "6.8", "out2": "--", "out3": "--"}
{"timestamp": 1713357520106, "out1": "6.2", "out2": "--", "out3": "--"}
{"timestamp": 1713357520126, "out1": "--", "out2": "--", "out3": "--"}
{"timestamp": 1713357520146, "out1": "4.7", "out2": "-2.0", "out3": "--"}
{"timestamp": 1713357520166, "out1": "3.9", "out2": "--", "out3": "--"}
{"timestamp": 1713357520186, "out1": "2.9", "out2": "--", "out3": "--"}
{"timestamp": 1713357520206, "out1": "2.0", "out2": "--", "out3": "--"}
{"timestamp": 1713357520226, "out1": "1.5", "out2": "--", "out3": "--"}
{"timestamp": 1713357520246, "out1": "--", "out2": "--", "out3": "5.0"}
{"timestamp": 1713357520266, "out1": "-0.5", "out2": "--", "out3": "--"}
{"timestamp": 1713357520286, "out1": "-1.5", "out2": "--", "out3": "--"}
{"timestamp": 1713357520306, "out1": "--", "out2": "--", "out3": "--"}
{"timestamp": 1713357520326, "out1": "-3.4", "out2": "--", "out3": "--"}
{"timestamp": 1713357520346, "out1": "-4.3", "out2": "-3.0", "out3": "--"}
{"timestamp": 1713357520366, "out1": "--", "out2": "--", "out3": "--"}
{"timestamp": 1713357520386, "out1": "--", "out2": "--", "out3": "--"}
{"timestamp": 1713357520406, "out1": "-6.8", "out2": "--", "out3": "--"}
{"timestamp": 1713357520426, "out1": "--", "out2": "--", "out3": "--"}
{"timestamp": 1713357520446, "out1": "--", "out2": "--", "out3": "--"}
{"timestamp": 1713357520466, "out1": "-7.9", "out2": "--", "out3": "--"}
{"timestamp": 1713357520486, "out1": "--", "out2": "--", "out3": "--"}
{"timestamp": 1713357520506, "out1": "-8.0", "out2": "--", "out3": "--"}
{"timestamp": 1713357520526, "out1": "-7.9", "out2": "--", "out3": "--"}
{"timestamp": 1713357520546, "out1": "--", "out2": "-4.0", "out3": "--"}
{"timestamp": 1713357520566, "out1": "-7.2", "out2": "--", "out3": "--"}
{"timestamp": 1713357520586, "out1": "-6.8", "out2": "--", "out3": "--"}
{"timestamp": 1713357520606, "out1": "-6.2", "out2": "--", "out3": "--"}
{"timestamp": 1713357520626, "out1": "-5.8", "out2": "--", "out3": "--"}
{"timestamp": 1713357520646, "out1": "--", "out2": "--", "out3": "--"}
{"timestamp": 1713357520666, "out1": "--", "out2": "--", "out3": "--"}
{"timestamp": 1713357520686, "out1": "--", "out2": "--", "out3": "--"}
{"timestamp": 1713357520706, "out1": "-2.0", "out2": "--", "out3": "--"}
{"timestamp": 1713357520726, "out1": "-1.0", "out2": "--", "out3": "--"}
{"timestamp": 1713357520746, "out1": "-0.5", "out2": "-5.0", "out3": "0.0"}
{"timestamp": 1713357520766, "out1": "--", "out2": "--", "out3": "--"}
{"timestamp": 1713357520786, "out1": "1.5", "out2": "--", "out3": "--"}
{"timestamp": 1713357520806, "out1": "2.7", "out2": "--", "out3": "--"}
{"timestamp": 1713357520826, "out1": "--", "out2": "--", "out3": "--"}
{"timestamp": 1713357520846, "out1": "--", "out2": "--", "out3": "--"}
{"timestamp": 1713357520866, "out1": "--", "out2": "--", "out3": "--"}
{"timestamp": 1713357520886, "out1": "--", "out2": "--", "out3": "--"}
{"timestamp": 1713357520906, "out1": "--", "out2": "--", "out3": "--"}
{"timestamp": 1713357520926, "out1": "3.1", "out2": "--", "out3": "--"}
{"timestamp": 1713357520946, "out1": "--", "out2": "-4.0", "out3": "--"}
{"timestamp": 1713357520966, "out1": "--", "out2": "--", "out3": "--"}
{"timestamp": 1713357520986, "out1": "1.0", "out2": "--", "out3": "--"}
{"timestamp": 1713357521006, "out1": "--", "out2": "--", "out3": "--"}
{"timestamp": 1713357521026, "out1": "--", "out2": "--", "out3": "--"}
{"timestamp": 1713357521046, "out1": "-2.4", "out2": "--", "out3": "--"}
{"timestamp": 1713357521066, "out1": "-3.1", "out2": "--", "out3": "--"}
{"timestamp": 1713357521086, "out1": "--", "out2": "--", "out3": "--"}
{"timestamp": 1713357521106, "out1": "--", "out2": "--", "out3": "--"}
{"timestamp": 1713357521126, "out1": "-4.0", "out2": "--", "out3": "--"}
{"timestamp": 1713357521146, "out1": "--", "out2": "-3.0", "out3": "--"}
{"timestamp": 1713357521166, "out1": "-3.6", "out2": "--", "out3": "--"}
{"timestamp": 1713357521186, "out1": "-2.7", "out2": "--", "out3": "--"}
{"timestamp": 1713357521206, "out1": "--", "out2": "--", "out3": "--"}
{"timestamp": 1713357521226, "out1": "-1.0", "out2": "--", "out3": "--"}
{"timestamp": 1713357521246, "out1": "-0.5", "out2": "--", "out3": "0.0"}
{"timestamp": 1713357521266, "out1": "--", "out2": "--", "out3": "--"}
{"timestamp": 1713357521286, "out1": "1.9", "out2": "--", "out3": "--"}
{"timestamp": 1713357521306, "out1": "2.7", "out2": "--", "out3": "--"}
{"timestamp": 1713357521326, "out1": "3.4", "out2": "--", "out3": "--"}
{"timestamp": 1713357521346, "out1": "--", "out2": "-2.0", "out3": "--"}
{"timestamp": 1713357521366, "out1": "--", "out2": "--", "out3": "--"}
{"timestamp": 1713357521386, "out1": "4.0", "out2": "--", "out3": "--"}
{"timestamp": 1713357521406, "out1": "--", "out2": "--", "out3": "--"}
{"timestamp": 1713357521426, "out1": "3.1", "out2": "--", "out3": "--"}
{"timestamp": 1713357521446, "out1": "2.7", "out2": "--", "out3": "--"}
{"timestamp": 1713357521466, "out1": "1.9", "out2": "--", "out3": "--"}
{"timestamp": 1713357521486, "out1": "--", "out2": "--", "out3": "--"}
{"timestamp": 1713357521506, "out1": "--", "out2": "--", "out3": "--"}
{"timestamp": 1713357521526, "out1": "-1.5", "out2": "--", "out3": "--"}
{"timestamp": 1713357521546, "out1": "--", "out2": "-1.0", "out3": "--"}
{"timestamp": 1713357521566, "out1": "-3.1", "out2": "--", "out3": "--"}
{"timestamp": 1713357521586, "out1": "-3.6", "out2": "--", "out3": "--"}
{"timestamp": 1713357521606, "out1": "-3.8", "out2": "--", "out3": "--"}
{"timestamp": 1713357521626, "out1": "--", "out2": "--", "out3": "--"}
{"timestamp": 1713357521646, "out1": "--", "out2": "--", "out3": "--"}
{"timestamp": 1713357521666, "out1": "--", "out2": "--", "out3": "--"}
{"timestamp": 1713357521686, "out1": "-2.7", "out2": "--", "out3": "--"}
{"timestamp": 1713357521706, "out1": "-1.9", "out2": "--", "out3": "--"}
{"timestamp": 1713357521726, "out1": "--", "out2": "--", "out3": "--"}
{"timestamp": 1713357521746, "out1": "0.0", "out2": "--", "out3": "0.0"}
{"timestamp": 1713357521766, "out1": "0.5", "out2": "--", "out3": "--"}
{"timestamp": 1713357521786, "out1": "1.9", "out2": "--", "out3": "--"}
{"timestamp": 1713357521806, "out1": "2.7", "out2": "--", "out3": "--"}
{"timestamp": 1713357521826, "out1": "3.4", "out2": "--", "out3": "--"}
{"timestamp": 1713357521846, "out1": "3.6", "out2": "--", "out3": "--"}
{"timestamp": 1713357521866, "out1": "--", "out2": "--", "out3": "--"}
{"timestamp": 1713357521886, "out1": "4.0", "out2": "--", "out3": "--"}
{"timestamp": 1713357521906, "out1": "3.6", "out2": "--", "out3": "--"}
{"timestamp": 1713357521926, "out1": "--", "out2": "--", "out3": "--"}
{"timestamp": 1713357521946, "out1": "2.4", "out2": "1.0", "out3": "--"}
{"timestamp": 1713357521966, "out1": "1.5", "out2": "--", "out3": "--"}
{"timestamp": 1713357521986, "out1": "--", "out2": "--", "out3": "--"}
{"timestamp": 1713357522006, "out1": "-0.0", "out2": "--", "out3": "--"}
{"timestamp": 1713357522026, "out1": "--", "out2": "--", "out3": "--"}
{"timestamp": 1713357522046, "out1": "--", "out2": "--", "out3": "--"}
{"timestamp": 1713357522066, "out1": "--", "out2": "--", "out3": "--"}
{"timestamp": 1713357522086, "out1": "-3.4", "out2": "--", "out3": "--"}
{"timestamp": 1713357522106, "out1": "--", "out2": "--", "out3": "--"}
{"timestamp": 1713357522126, "out1": "-4.0", "out2": "--", "out3": "--"}
{"timestamp": 1713357522146, "out1": "--", "out2": "2.0", "out3": "--"}
{"timestamp": 1713357522166, "out1": "-3.6", "out2": "--", "out3": "--"}
{"timestamp": 1713357522186, "out1": "-2.7", "out2": "--", "out3": "--"}
{"timestamp": 1713357522206, "out1": "-1.9", "out2": "--", "out3": "--"}
{"timestamp": 1713357522226, "out1": "-1.5", "out2": "--", "out3": "--"}
{"timestamp": 1713357522246, "out1": "--", "out2": "--", "out3": "0.0"}
{"timestamp": 1713357522266, "out1": "1.0", "out2": "--", "out3": "--"}
{"timestamp": 1713357522286, "out1": "1.9", "out2": "--", "out3": "--"}
{"timestamp": 1713357522306, "out1": "--", "out2": "--", "out3": "--"}
{"timestamp": 1713357522326, "out1": "3.4", "out2": "--", "out3": "--"}
{"timestamp": 1713357522346, "out1": "3.6", "out2": "3.0", "out3": "--"}
{"timestamp": 1713357522366, "out1": "3.9", "out2": "--", "out3": "--"}
{"timestamp": 1713357522386, "out1": "3.9", "out2": "--", "out3": "--"}
{"timestamp": 1713357522406, "out1": "--", "out2": "--", "out3": "--"}
{"timestamp": 1713357522426, "out1": "--", "out2": "--", "out3": "--"}
{"timestamp": 1713357522446, "out1": "2.7", "out2": "--", "out3": "--"}
{"timestamp": 1713357522466, "out1": "1.9", "out2": "--", "out3": "--"}
{"timestamp": 1713357522486, "out1": "--", "out2": "--", "out3": "--"}
{"timestamp": 1713357522506, "out1": "-0.5", "out2": "--", "out3": "--"}
{"timestamp": 1713357522526, "out1": "--", "out2": "--", "out3": "--"}
{"timestamp": 1713357522546, "out1": "-1.9", "out2": "4.0", "out3": "--"}
{"timestamp": 1713357522566, "out1": "-3.1", "out2": "--", "out3": "--"}
{"timestamp": 1713357522586, "out1": "-3.6", "out2": "--", "out3": "--"}
{"timestamp": 1713357522606, "out1": "--", "out2": "--", "out3": "--"}
{"timestamp": 1713357522626, "out1": "--", "out2": "--", "out3": "--"}
{"timestamp": 1713357522646, "out1": "-3.9", "out2": "--", "out3": "--"}
{"timestamp": 1713357522666, "out1": "-3.6", "out2": "--", "out3": "--"}
{"timestamp": 1713357522686, "out1": "-3.1", "out2": "--", "out3": "--"}
{"timestamp": 1713357522706, "out1": "--", "out2": "--", "out3": "--"}
{"timestamp": 1713357522726, "out1": "-1.0", "out2": "--", "out3": "--"}
{"timestamp": 1713357522746, "out1": "0.0", "out2": "5.0", "out3": "0.0"}
{"timestamp": 1713357522766, "out1": "--", "out2": "--", "out3": "--"}
{"timestamp": 1713357522786, "out1": "--", "out2": "--", "out3": "--"}
{"timestamp": 1713357522806, "out1": "2.7", "out2": "--", "out3": "--"}
{"timestamp": 1713357522826, "out1": "3.1", "out2": "--", "out3": "--"}
{"timestamp": 1713357522846, "out1": "3.8", "out2": "--", "out3": "--"}
{"timestamp": 1713357522866, "out1": "4.0", "out2": "--", "out3": "--"}
{"timestamp": 1713357522886, "out1": "--", "out2": "--", "out3": "--"}
{"timestamp": 1713357522906, "out1": "3.8", "out2": "--", "out3": "--"}
{"timestamp": 1713357522926, "out1": "3.4", "out2": "--", "out3": "--"}
{"timestamp": 1713357522946, "out1": "2.7", "out2": "4.0", "out3": "--"}
{"timestamp": 1713357522966, "out1": "1.5", "out2": "--", "out3": "--"}
{"timestamp": 1713357522986, "out1": "--", "out2": "--", "out3": "--"}
{"timestamp": 1713357523006, "out1": "--", "out2": "--", "out3": "--"}
{"timestamp": 1713357523026, "out1": "-1.5", "out2": "--", "out3": "--"}
{"timestamp": 1713357523046, "out1": "--", "out2": "--", "out3": "--"}
{"timestamp": 1713357523066, "out1": "--", "out2": "--", "out3": "--"}
{"timestamp": 1713357523086, "out1": "--", "out2": "--", "out3": "--"}
{"timestamp": 1713357523106, "out1": "--", "out2": "--", "out3": "--"}
{"timestamp": 1713357523126, "out1": "--", "out2": "--", "out3": "--"}
{"timestamp": 1713357523146, "out1": "-3.9", "out2": "3.0", "out3": "--"}
{"timestamp": 1713357523166, "out1": "--", "out2": "--", "out3": "--"}
{"timestamp": 1713357523186, "out1": "--", "out2": "--", "out3": "--"}
{"timestamp": 1713357523206, "out1": "-2.4", "out2": "--", "out3": "--"}
{"timestamp": 1713357523226, "out1": "-1.0", "out2": "--", "out3": "--"}
{"timestamp": 1713357523246, "out1": "0.0", "out2": "--", "out3": "0.0"}
{"timestamp": 1713357523266, "out1": "--", "out2": "--", "out3": "--"}
{"timestamp": 1713357523286, "out1": "1.5", "out2": "--", "out3": "--"}
{"timestamp": 1713357523306, "out1": "2.4", "out2": "--", "out3": "--"}
{"timestamp": 1713357523326, "out1": "3.4", "out2": "--", "out3": "--"}
{"timestamp": 1713357523346, "out1": "3.6", "out2": "2.0", "out3": "--"}
{"timestamp": 1713357523366, "out1": "--", "out2": "--", "out3": "--"}
{"timestamp": 1713357523386, "out1": "3.9", "out2": "--", "out3": "--"}
{"timestamp": 1713357523406, "out1": "--", "out2": "--", "out3": "--"}
{"timestamp": 1713357523426, "out1": "3.1", "out2": "--", "out3": "--"}
{"timestamp": 1713357523446, "out1": "2.7", "out2": "--", "out3": "--"}
{"timestamp": 1713357523466, "out1": "--", "out2": "--", "out3": "--"}
{"timestamp": 1713357523486, "out1": "1.0", "out2": "--", "out3": "--"}
{"timestamp": 1713357523506, "out1": "-0.5", "out2": "--", "out3": "--"}
{"timestamp": 1713357523526, "out1": "--", "out2": "--", "out3": "--"}
{"timestamp": 1713357523546, "out1": "--", "out2": "1.0", "out3": "--"}
{"timestamp": 1713357523566, "out1": "--", "out2": "--", "out3": "--"}
{"timestamp": 1713357523586, "out1": "--", "out2": "--", "out3": "--"}
{"timestamp": 1713357523606, "out1": "-3.8", "out2": "--", "out3": "--"}
{"timestamp": 1713357523626, "out1": "-4.0", "out2": "--", "out3": "--"}
{"timestamp": 1713357523646, "out1": "--", "out2": "--", "out3": "--"}
{"timestamp": 1713357523666, "out1": "-3.4", "out2": "--", "out3": "--"}
{"timestamp": 1713357523686, "out1": "-3.1", "out2": "--", "out3": "--"}
{"timestamp": 1713357523706, "out1": "--", "out2": "--", "out3": "--"}
{"timestamp": 1713357523726, "out1": "--", "out2": "--", "out3": "--"}
{"timestamp": 1713357523746, "out1": "--", "out2": "0.0", "out3": "0.0"}
{"timestamp": 1713357523766, "out1": "1.0", "out2": "--", "out3": "--"}
{"timestamp": 1713357523786, "out1": "1.9", "out2": "--", "out3": "--"}
{"timestamp": 1713357523806, "out1": "2.4", "out2": "--", "out3": "--"}
{"timestamp": 1713357523826, "out1": "3.4", "out2": "--", "out3": "--"}
{"timestamp": 1713357523846, "out1": "--", "out2": "--", "out3": "--"}
{"timestamp": 1713357523866, "out1": "4.0", "out2": "--", "out3": "--"}
{"timestamp": 1713357523886, "out1": "4.0", "out2": "--", "out3": "--"}
{"timestamp": 1713357523906, "out1": "3.8", "out2": "--", "out3": "--"}
{"timestamp": 1713357523926, "out1": "--", "out2": "--", "out3": "--"}
{"timestamp": 1713357523946, "out1": "2.7", "out2": "-1.0", "out3": "--"}
{"timestamp": 1713357523966, "out1": "1.9", "out2": "--", "out3": "--"}
{"timestamp": 1713357523986, "out1": "0.5", "out2": "--", "out3": "--"}
{"timestamp": 1713357524006, "out1": "-0.5", "out2": "--", "out3": "--"}
{"timestamp": 1713357524026, "out1": "-1.5", "out2": "--", "out3": "--"}
{"timestamp": 1713357524046, "out1": "--", "out2": "--", "out3": "--"}
{"timestamp": 1713357524066, "out1": "-3.1", "out2": "--", "out3": "--"}
{"timestamp": 1713357524086, "out1": "-3.6", "out2": "--", "out3": "--"}
{"timestamp": 1713357524106, "out1": "--", "out2": "--", "out3": "--"}
{"timestamp": 1713357524126, "out1": "-4.0", "out2": "--", "out3": "--"}
{"timestamp": 1713357524146, "out1": "-3.9", "out2": "-2.0", "out3": "--"}
{"timestamp": 1713357524166, "out1": "-3.6", "out2": "--", "out3": "--"}
{"timestamp": 1713357524186, "out1": "-3.1", "out2": "--", "out3": "--"}
{"timestamp": 1713357524206, "out1": "-1.9", "out2": "--", "out3": "--"}
{"timestamp": 1713357524226, "out1": "-1.0", "out2": "--", "out3": "--"}
{"timestamp": 1713357524246, "out1": "-0.5", "out2": "--", "out3": "0.0"}
{"timestamp": 1713357524266, "out1": "0.5", "out2": "--", "out3": "--"}
{"timestamp": 1713357524286, "out1": "1.9", "out2": "--", "out3": "--"}
{"timestamp": 1713357524306, "out1": "2.4", "out2": "--", "out3": "--"}
{"timestamp": 1713357524326, "out1": "3.4", "out2": "--", "out3": "--"}
{"timestamp": 1713357524346, "out1": "--", "out2": "--", "out3": "--"}
{"timestamp": 1713357524366, "out1": "--", "out2": "--", "out3": "--"}
{"timestamp": 1713357524386, "out1": "4.0", "out2": "--", "out3": "--"}
{"timestamp": 1713357524406, "out1": "3.6", "out2": "--", "out3": "--"}
{"timestamp": 1713357524426, "out1": "3.1", "out2": "--", "out3": "--"}
{"timestamp": 1713357524446, "out1": "2.7", "out2": "--", "out3": "--"}
{"timestamp": 1713357524466, "out1": "1.5", "out2": "--", "out3": "--"}
{"timestamp": 1713357524486, "out1": "1.0", "out2": "--", "out3": "--"}
{"timestamp": 1713357524506, "out1": "-0.0", "out2": "--", "out3": "--"}
{"timestamp": 1713357524526, "out1": "--", "out2": "--", "out3": "--"}
{"timestamp": 1713357524546, "out1": "-2.4", "out2": "-4.0", "out3": "--"}
{"timestamp": 1713357524566, "out1": "-3.1", "out2": "--", "out3": "--"}
{"timestamp": 1713357524586, "out1": "-3.6", "out2": "--", "out3": "--"}
{"timestamp": 1713357524606, "out1": "--", "out2": "--", "out3": "--"}
{"timestamp": 1713357524626, "out1": "--", "out2": "--", "out3": "--"}
{"timestamp": 1713357524646, "out1": "--", "out2": "--", "out3": "--"}
{"timestamp": 1713357524666, "out1": "-3.4", "out2": "--", "out3": "--"}
{"timestamp": 1713357524686, "out1": "-2.7", "out2": "--", "out3": "--"}
{"timestamp": 1713357524706, "out1": "-1.9", "out2": "--", "out3": "--"}
{"timestamp": 1713357524726, "out1": "-1.0", "out2": "--", "out3": "--"}
{"timestamp": 1713357524746, "out1": "0.0", "out2": "-5.0", "out3": "0.0"}
{"timestamp": 1713357524766, "out1": "1.0", "out2": "--", "out3": "--"}
{"timestamp": 1713357524786, "out1": "1.5", "out2": "--", "out3": "--"}
{"timestamp": 1713357524806, "out1": "2.7", "out2": "--", "out3": "--"}
{"timestamp": 1713357524826, "out1": "3.4", "out2": "--", "out3": "--"}
{"timestamp": 1713357524846, "out1": "3.8", "out2": "--", "out3": "--"}
{"timestamp": 1713357524866, "out1": "4.0", "out2": "--", "out3": "--"}
{"timestamp": 1713357524886, "out1": "3.9", "out2": "--", "out3": "--"}
{"timestamp": 1713357524906, "out1": "3.8", "out2": "--", "out3": "--"}
{"timestamp": 1713357524926, "out1": "--", "out2": "--", "out3": "--"}
{"timestamp": 1713357524946, "out1": "2.4", "out2": "-4.0", "out3": "--"}
{"timestamp": 1713357524966, "out1": "1.9", "out2": "--", "out3": "--"}
{"timestamp": 1713357524986, "out1": "--", "out2": "--", "out3": "--"}
{"timestamp": 1713357525006, "out1": "-0.5", "out2": "--", "out3": "--"}
{"timestamp": 1713357525026, "out1": "-1.5", "out2": "--", "out3": "--"}
{"timestamp": 1713357525046, "out1": "--", "out2": "--", "out3": "--"}
{"timestamp": 1713357525066, "out1": "-3.1", "out2": "--", "out3": "--"}
{"timestamp": 1713357525086, "out1": "--", "out2": "--", "out3": "--"}
{"timestamp": 1713357525106, "out1": "-3.9", "out2": "--", "out3": "--"}
{"timestamp": 1713357525126, "out1": "-4.0", "out2": "--", "out3": "--"}
{"timestamp": 1713357525146, "out1": "--", "out2": "-3.0", "out3": "--"}
{"timestamp": 1713357525166, "out1": "-3.4", "out2": "--", "out3": "--"}
{"timestamp": 1713357525186, "out1": "-2.7", "out2": "--", "out3": "--"}
{"timestamp": 1713357525206, "out1": "-1.9", "out2": "--", "out3": "--"}
{"timestamp": 1713357525226, "out1": "--", "out2": "--", "out3": "--"}
{"timestamp": 1713357525246, "out1": "--", "out2": "--", "out3": "0.0"}
{"timestamp": 1713357525266, "out1": "0.5", "out2": "--", "out3": "--"}
{"timestamp": 1713357525286, "out1": "1.5", "out2": "--", "out3": "--"}
{"timestamp": 1713357525306, "out1": "2.7", "out2": "--", "out3": "--"}
{"timestamp": 1713357525326, "out1": "3.4", "out2": "--", "out3": "--"}
{"timestamp": 1713357525346, "out1": "--", "out2": "-2.0", "out3": "--"}
{"timestamp": 1713357525366, "out1": "--", "out2": "--", "out3": "--"}
{"timestamp": 1713357525386, "out1": "3.9", "out2": "--", "out3": "--"}
{"timestamp": 1713357525406, "out1": "3.6", "out2": "--", "out3": "--"}
{"timestamp": 1713357525426, "out1": "3.1", "out2": "--", "out3": "--"}
{"timestamp": 1713357525446, "out1": "2.7", "out2": "--", "out3": "--"}
{"timestamp": 1713357525466, "out1": "--", "out2": "--", "out3": "--"}
{"timestamp": 1713357525486, "out1": "0.5", "out2": "--", "out3": "--"}
{"timestamp": 1713357525506, "out1": "--", "out2": "--", "out3": "--"}
{"timestamp": 1713357525526, "out1": "-1.5", "out2": "--", "out3": "--"}
{"timestamp": 1713357525546, "out1": "-1.9", "out2": "-1.0", "out3": "--"}
{"timestamp": 1713357525566, "out1": "-3.1", "out2": "--", "out3": "--"}
{"timestamp": 1713357525586, "out1": "-3.6", "out2": "--", "out3": "--"}
{"timestamp": 1713357525606, "out1": "-3.9", "out2": "--", "out3": "--"}
{"timestamp": 1713357525626, "out1": "--", "out2": "--", "out3": "--"}
{"timestamp": 1713357525646, "out1": "--", "out2": "--", "out3": "--"}
{"timestamp": 1713357525666, "out1": "--", "out2": "--", "out3": "--"}
{"timestamp": 1713357525686, "out1": "--", "out2": "--", "out3": "--"}
{"timestamp": 1713357525706, "out1": "--", "out2": "--", "out3": "--"}
{"timestamp": 1713357525726, "out1": "-1.0", "out2": "--", "out3": "--"}
{"timestamp": 1713357525746, "out1": "0.0", "out2": "-0.0", "out3": "5.0"}
{"timestamp": 1713357525766, "out1": "1.0", "out2": "--", "out3": "--"}
{"timestamp": 1713357525786, "out1": "1.5", "out2": "--", "out3": "--"}
{"timestamp": 1713357525806, "out1": "--", "out2": "--", "out3": "--"}
{"timestamp": 1713357525826, "out1": "--", "out2": "--", "out3": "--"}
{"timestamp": 1713357525846, "out1": "--", "out2": "--", "out3": "--"}
{"timestamp": 1713357525866, "out1": "--", "out2": "--", "out3": "--"}
{"timestamp": 1713357525886, "out1": "6.2", "out2": "--", "out3": "--"}
{"timestamp": 1713357525906, "out1": "6.5", "out2": "--", "out3": "--"}
{"timestamp": 1713357525926, "out1": "7.2", "out2": "--", "out3": "--"}
{"timestamp": 1713357525946, "out1": "7.4", "out2": "1.0", "out3": "--"}
{"timestamp": 1713357525966, "out1": "7.9", "out2": "--", "out3": "--"}
{"timestamp": 1713357525986, "out1": "--", "out2": "--", "out3": "--"}
{"timestamp": 1713357526006, "out1": "--", "out2": "--", "out3": "--"}
{"timestamp": 1713357526026, "out1": "--", "out2": "--", "out3": "--"}
{"timestamp": 1713357526046, "out1": "7.6", "out2": "--", "out3": "--"}
{"timestamp": 1713357526066, "out1": "7.4", "out2": "--", "out3": "--"}
{"timestamp": 1713357526086, "out1": "7.0", "out2": "--", "out3": "--"}
{"timestamp": 1713357526106, "out1": "6.2", "out2": "--", "out3": "--"}
{"timestamp": 1713357526126, "out1": "--", "out2": "--", "out3": "--"}
{"timestamp": 1713357526146, "out1": "4.7", "out2": "2.0", "out3": "--"}
{"timestamp": 1713357526166, "out1": "--", "out2": "--", "out3": "--"}
{"timestamp": 1713357526186, "out1": "--", "out2": "--", "out3": "--"}
{"timestamp": 1713357526206, "out1": "--", "out2": "--", "out3": "--"}
{"timestamp": 1713357526226, "out1": "1.5", "out2": "--", "out3": "--"}
{"timestamp": 1713357526246, "out1": "--", "out2": "--", "out3": "5.0"}
{"timestamp": 1713357526266, "out1": "-0.5", "out2": "--", "out3": "--"}
{"timestamp": 1713357526286, "out1": "--", "out2": "--", "out3": "--"}
{"timestamp": 1713357526306, "out1": "--", "out2": "--", "out3": "--"}
{"timestamp": 1713357526326, "out1": "-3.4", "out2": "--", "out3": "--"}
{"timestamp": 1713357526346, "out1": "-4.3", "out2": "3.0", "out3": "--"}
{"timestamp": 1713357526366, "out1": "-5.5", "out2": "--", "out3": "--"}
{"timestamp": 1713357526386, "out1": "--", "out2": "--", "out3": "--"}
{"timestamp": 1713357526406, "out1": "--", "out2": "--", "out3": "--"}
{"timestamp": 1713357526426, "out1": "-7.2", "out2": "--", "out3": "--"}
{"timestamp": 1713357526446, "out1": "-7.4", "out2": "--", "out3": "--"}
{"timestamp": 1713357526466, "out1": "-7.9", "out2": "--", "out3": "--"}
{"timestamp": 1713357526486, "out1": "--", "out2": "--", "out3": "--"}
{"timestamp": 1713357526506, "out1": "-8.0", "out2": "--", "out3": "--"}
{"timestamp": 1713357526526, "out1": "-7.9", "out2": "--", "out3": "--"}
{"timestamp": 1713357526546, "out1": "-7.6", "out2": "4.0", "out3": "--"}
{"timestamp": 1713357526566, "out1": "--", "out2": "--", "out3": "--"}
{"timestamp": 1713357526586, "out1": "-6.8", "out2": "--", "out3": "--"}
{"timestamp": 1713357526606, "out1": "-6.5", "out2": "--", "out3": "--"}
{"timestamp": 1713357526626, "out1": "-5.8", "out2": "--", "out3": "--"}
{"timestamp": 1713357526646, "out1": "-4.7", "out2": "--", "out3": "--"}
{"timestamp": 1713357526666, "out1": "-3.9", "out2": "--", "out3": "--"}
{"timestamp": 1713357526686, "out1": "--", "out2": "--", "out3": "--"}
{"timestamp": 1713357526706, "out1": "-2.0", "out2": "--", "out3": "--"}
{"timestamp": 1713357526726, "out1": "--", "out2": "--", "out3": "--"}
{"timestamp": 1713357526746, "out1": "0.0", "out2": "5.0", "out3": "0.0"}
{"timestamp": 1713357526766, "out1": "--", "out2": "--", "out3": "--"}
{"timestamp": 1713357526786, "out1": "1.5", "out2": "--", "out3": "--"}
{"timestamp": 1713357526806, "out1": "2.7", "out2": "--", "out3": "--"}
{"timestamp": 1713357526826, "out1": "--", "out2": "--", "out3": "--"}
{"timestamp": 1713357526846, "out1": "3.8", "out2": "--", "out3": "--"}
{"timestamp": 1713357526866, "out1": "4.0", "out2": "--", "out3": "--"}
{"timestamp": 1713357526886, "out1": "--", "out2": "--", "out3": "--"}
{"timestamp": 1713357526906, "out1": "3.6", "out2": "--", "out3": "--"}
{"timestamp": 1713357526926, "out1": "3.4", "out2": "--", "out3": "--"}
{"timestamp": 1713357526946, "out1": "--", "out2": "4.0", "out3": "--"}
{"timestamp": 1713357526966, "out1": "1.5", "out2": "--", "out3": "--"}
{"timestamp": 1713357526986, "out1": "--", "out2": "--", "out3": "--"}
{"timestamp": 1713357527006, "out1": "--", "out2": "--", "out3": "--"}
{"timestamp": 1713357527026, "out1": "-1.0", "out2": "--", "out3": "--"}
{"timestamp": 1713357527046, "out1": "-1.9", "out2": "--", "out3": "--"}
{"timestamp": 1713357527066, "out1": "--", "out2": "--", "out3": "--"}
{"timestamp": 1713357527086, "out1": "--", "out2": "--", "out3": "--"}
{"timestamp": 1713357527106, "out1": "--", "out2": "--", "out3": "--"}
{"timestamp": 1713357527126, "out1": "-4.0", "out2": "--", "out3": "--"}
{"timestamp": 1713357527146, "out1": "-3.9", "out2": "3.0", "out3": "--"}
{"timestamp": 1713357527166, "out1": "-3.4", "out2": "--", "out3": "--"}
{"timestamp": 1713357527186, "out1": "-2.7", "out2": "--", "out3": "--"}
{"timestamp": 1713357527206, "out1": "-1.9", "out2": "--", "out3": "--"}
{"timestamp": 1713357527226, "out1": "--", "out2": "--", "out3": "--"}
{"timestamp": 1713357527246, "out1": "-0.5", "out2": "--", "out3": "0.0"}
{"timestamp": 1713357527266, "out1": "--", "out2": "--", "out3": "--"}
{"timestamp": 1713357527286, "out1": "1.9", "out2": "--", "out3": "--"}
{"timestamp": 1713357527306, "out1": "--", "out2": "--", "out3": "--"}
{"timestamp": 1713357527326, "out1": "--", "out2": "--", "out3": "--"}
{"timestamp": 1713357527346, "out1": "3.8", "out2": "2.0", "out3": "--"}
{"timestamp": 1713357527366, "out1": "3.9", "out2": "--", "out3": "--"}
{"timestamp": 1713357527386, "out1": "--", "out2": "--", "out3": "--"}
{"timestamp": 1713357527406, "out1": "--", "out2": "--", "out3": "--"}
{"timestamp": 1713357527426, "out1": "--", "out2": "--", "out3": "--"}
{"timestamp": 1713357527446, "out1": "--", "out2": "--", "out3": "--"}
{"timestamp": 1713357527466, "out1": "1.5", "out2": "--", "out3": "--"}
{"timestamp": 1713357527486, "out1": "0.5", "out2": "--", "out3": "--"}
{"timestamp": 1713357527506, "out1": "-0.0", "out2": "--", "out3": "--"}
{"timestamp": 1713357527526, "out1": "-1.5", "out2": "--", "out3": "--"}
{"timestamp": 1713357527546, "out1": "-1.9", "out2": "1.0", "out3": "--"}
{"timestamp": 1713357527566, "out1": "--", "out2": "--", "out3": "--"}
{"timestamp": 1713357527586, "out1": "-3.6", "out2": "--", "out3": "--"}
{"timestamp": 1713357527606, "out1": "--", "out2": "--", "out3": "--"}
{"timestamp": 1713357527626, "out1": "-4.0", "out2": "--", "out3": "--"}
{"timestamp": 1713357527646, "out1": "-3.8", "out2": "--", "out3": "--"}
{"timestamp": 1713357527666, "out1": "-3.6", "out2": "--", "out3": "--"}
{"timestamp": 1713357527686, "out1": "-3.1", "out2": "--", "out3": "--"}
{"timestamp": 1713357527706, "out1": "-1.9", "out2": "--", "out3": "--"}
{"timestamp": 1713357527726, "out1": "-1.0", "out2": "--", "out3": "--"}
{"timestamp": 1713357527746, "out1": "--", "out2": "0.0", "out3": "0.0"}
{"timestamp": 1713357527766, "out1": "--", "out2": "--", "out3": "--"}
{"timestamp": 1713357527786, "out1": "1.5", "out2": "--", "out3": "--"}
{"timestamp": 1713357527806, "out1": "2.7", "out2": "--", "out3": "--"}
{"timestamp": 1713357527826, "out1": "3.4", "out2": "--", "out3": "--"}
{"timestamp": 1713357527846, "out1": "3.6", "out2": "--", "out3": "--"}
{"timestamp": 1713357527866, "out1": "4.0", "out2": "--", "out3": "--"}
{"timestamp": 1713357527886, "out1": "--", "out2": "--", "out3": "--"}
{"timestamp": 1713357527906, "out1": "3.6", "out2": "--", "out3": "--"}
{"timestamp": 1713357527926, "out1": "3.1", "out2": "--", "out3": "--"}
{"timestamp": 1713357527946, "out1": "--", "out2": "-1.0", "out3": "--"}
{"timestamp": 1713357527966, "out1": "1.5", "out2": "--", "out3": "--"}
{"timestamp": 1713357527986, "out1": "--", "out2": "--", "out3": "--"}
{"timestamp": 1713357528006, "out1": "-0.0", "out2": "--", "out3": "--"}
{"timestamp": 1713357528026, "out1": "-1.5", "out2": "--", "out3": "--"}
{"timestamp": 1713357528046, "out1": "-1.9", "out2": "--", "out3": "--"}
{"timestamp": 1713357528066, "out1": "--", "out2": "--", "out3": "--"}
{"timestamp": 1713357528086, "out1": "--", "out2": "--", "out3": "--"}
{"timestamp": 1713357528106, "out1": "-3.9", "out2": "--", "out3": "--"}
{"timestamp": 1713357528126, "out1": "-4.0", "out2": "--", "out3": "--"}
{"timestamp": 1713357528146, "out1": "-3.8", "out2": "-2.0", "out3": "--"}
{"timestamp": 1713357528166, "out1": "-3.4", "out2": "--", "out3": "--"}
{"timestamp": 1713357528186, "out1": "-3.1", "out2": "--", "out3": "--"}
{"timestamp": 1713357528206, "out1": "--", "out2": "--", "out3": "--"}
{"timestamp": 1713357528226, "out1": "-1.0", "out2": "--", "out3": "--"}
{"timestamp": 1713357528246, "out1": "--", "out2": "--", "out3": "0.0"}
{"timestamp": 1713357528266, "out1": "--", "out2": "--", "out3": "--"}
{"timestamp": 1713357528286, "out1": "1.9", "out2": "--", "out3": "--"}
{"timestamp": 1713357528306, "out1": "2.7", "out2": "--", "out3": "--"}
{"timestamp": 1713357528326, "out1": "3.4", "out2": "--", "out3": "--"}
{"timestamp": 1713357528346, "out1": "3.8", "out2": "-3.0", "out3": "--"}
{"timestamp": 1713357528366, "out1": "--", "out2": "--", "out3": "--"}
{"timestamp": 1713357528386, "out1": "--", "out2": "--", "out3": "--"}
{"timestamp": 1713357528406, "out1": "--", "out2": "--", "out3": "--"}
{"timestamp": 1713357528426, "out1": "3.1", "out2": "--", "out3": "--"}
{"timestamp": 1713357528446, "out1": "--", "out2": "--", "out3": "--"}
{"timestamp": 1713357528466, "out1": "--", "out2": "--", "out3": "--"}
{"timestamp": 1713357528486, "out1": "1.0", "out2": "--", "out3": "--"}
{"timestamp": 1713357528506, "out1": "--", "out2": "--", "out3": "--"}
{"timestamp": 1713357528526, "out1": "-1.0", "out2": "--", "out3": "--"}
{"timestamp": 1713357528546, "out1": "--", "out2": "-4.0", "out3": "--"}
{"timestamp": 1713357528566, "out1": "-2.7", "out2": "--", "out3": "--"}
{"timestamp": 1713357528586, "out1": "-3.6", "out2": "--", "out3": "--"}
{"timestamp": 1713357528606, "out1": "-3.8", "out2": "--", "out3": "--"}
{"timestamp": 1713357528626, "out1": "-4.0", "out2": "--", "out3": "--"}
{"timestamp": 1713357528646, "out1": "-3.8", "out2": "--", "out3": "--"}
{"timestamp": 1713357528666, "out1": "-3.6", "out2": "--", "out3": "--"}
{"timestamp": 1713357528686, "out1": "-2.7", "out2": "--", "out3": "--"}
{"timestamp": 1713357528706, "out1": "--", "out2": "--", "out3": "--"}
{"timestamp": 1713357528726, "out1": "-1.0", "out2": "--", "out3": "--"}
{"timestamp": 1713357528746, "out1": "-0.5", "out2": "-5.0", "out3": "0.0"}
{"timestamp": 1713357528766, "out1": "--", "out2": "--", "out3": "--"}
{"timestamp": 1713357528786, "out1": "1.5", "out2": "--", "out3": "--"}
{"timestamp": 1713357528806, "out1": "2.4", "out2": "--", "out3": "--"}
{"timestamp": 1713357528826, "out1": "--", "out2": "--", "out3": "--"}
{"timestamp": 1713357528846, "out1": "3.8", "out2": "--", "out3": "--"}
{"timestamp": 1713357528866, "out1": "4.0", "out2": "--", "out3": "--"}
{"timestamp": 1713357528886, "out1": "3.9", "out2": "--", "out3": "--"}
{"timestamp": 1713357528906, "out1": "3.6", "out2": "--", "out3": "--"}
{"timestamp": 1713357528926, "out1": "3.1", "out2": "--", "out3": "--"}
{"timestamp": 1713357528946, "out1": "--", "out2": "-4.0", "out3": "--"}
{"timestamp": 1713357528966, "out1": "1.5", "out2": "--", "out3": "--"}
{"timestamp": 1713357528986, "out1": "--", "out2": "--", "out3": "--"}
{"timestamp": 1713357529006, "out1": "-0.0", "out2": "--", "out3": "--"}
{"timestamp": 1713357529026, "out1": "--", "out2": "--", "out3": "--"}
{"timestamp": 1713357529046, "out1": "-1.9", "out2": "--", "out3": "--"}
{"timestamp": 1713357529066, "out1": "-2.7", "out2": "--", "out3": "--"}
{"timestamp": 1713357529086, "out1": "-3.4", "out2": "--", "out3": "--"}
{"timestamp": 1713357529106, "out1": "-3.9", "out2": "--", "out3": "--"}
{"timestamp": 1713357529126, "out1": "-4.0", "out2": "--", "out3": "--"}
{"timestamp": 1713357529146, "out1": "-3.8", "out2": "-3.0", "out3": "--"}
{"timestamp": 1713357529166, "out1": "-3.6", "out2": "--", "out3": "--"}
{"timestamp": 1713357529186, "out1": "--", "out2": "--", "out3": "--"}
{"timestamp": 1713357529206, "out1": "-2.4", "out2": "--", "out3": "--"}
{"timestamp": 1713357529226, "out1": "-1.0", "out2": "--", "out3": "--"}
{"timestamp": 1713357529246, "out1": "-0.5", "out2": "--", "out3": "0.0"}
{"timestamp": 1713357529266, "out1": "0.5", "out2": "--", "out3": "--"}
{"timestamp": 1713357529286, "out1": "1.5", "out2": "--", "out3": "--"}
{"timestamp": 1713357529306, "out1": "--", "out2": "--", "out3": "--"}
{"timestamp": 1713357529326, "out1": "3.4", "out2": "--", "out3": "--"}
{"timestamp": 1713357529346, "out1": "3.6", "out2": "-2.0", "out3": "--"}
{"timestamp": 1713357529366, "out1": "3.9", "out2": "--", "out3": "--"}
{"timestamp": 1713357529386, "out1": "4.0", "out2": "--", "out3": "--"}
{"timestamp": 1713357529406, "out1": "--", "out2": "--", "out3": "--"}
{"timestamp": 1713357529426, "out1": "3.1", "out2": "--", "out3": "--"}
{"timestamp": 1713357529446, "out1": "--", "out2": "--", "out3": "--"}
{"timestamp": 1713357529466, "out1": "--", "out2": "--", "out3": "--"}
{"timestamp": 1713357529486, "out1": "0.5", "out2": "--", "out3": "--"}
{"timestamp": 1713357529506, "out1": "-0.0", "out2": "--", "out3": "--"}
{"timestamp": 1713357529526, "out1": "-1.5", "out2": "--", "out3": "--"}
{"timestamp": 1713357529546, "out1": "-2.4", "out2": "-1.0", "out3": "--"}
{"timestamp": 1713357529566, "out1": "-2.7", "out2": "--", "out3": "--"}
{"timestamp": 1713357529586, "out1": "-3.4", "out2": "--", "out3": "--"}
{"timestamp": 1713357529606, "out1": "-3.9", "out2": "--", "out3": "--"}
{"timestamp": 1713357529626, "out1": "-4.0", "out2": "--", "out3": "--"}
{"timestamp": 1713357529646, "out1": "-3.9", "out2": "--", "out3": "--"}
{"timestamp": 1713357529666, "out1": "-3.4", "out2": "--", "out3": "--"}
{"timestamp": 1713357529686, "out1": "-3.1", "out2": "--", "out3": "--"}
{"timestamp": 1713357529706, "out1": "-1.9", "out2": "--", "out3": "--"}
{"timestamp": 1713357529726, "out1": "--", "out2": "--", "out3": "--"}
{"timestamp": 1713357529746, "out1": "-0.5", "out2": "-0.0", "out3": "0.0"}
{"timestamp": 1713357529766, "out1": "--", "out2": "--", "out3": "--"}
{"timestamp": 1713357529786, "out1": "--", "out2": "--", "out3": "--"}
{"timestamp": 1713357529806, "out1": "2.7", "out2": "--", "out3": "--"}
{"timestamp": 1713357529826, "out1": "--", "out2": "--", "out3": "--"}
{"timestamp": 1713357529846, "out1": "--", "out2": "--", "out3": "--"}
{"timestamp": 1713357529866, "out1": "--", "out2": "--", "out3": "--"}
{"timestamp": 1713357529886, "out1": "--", "out2": "--", "out3": "--"}
{"timestamp": 1713357529906, "out1": "--", "out2": "--", "out3": "--"}
{"timestamp": 1713357529926, "out1": "--", "out2": "--", "out3": "--"}
{"timestamp": 1713357529946, "out1": "2.4", "out2": "1.0", "out3": "--"}
{"timestamp": 1713357529966, "out1": "1.5", "out2": "--", "out3": "--"}
{"timestamp": 1713357529986, "out1": "--", "out2": "--", "out3": "--"}
{"timestamp": 1713357530006, "out1": "--", "out2": "--", "out3": "--"}
{"timestamp": 1713357530026, "out1": "-1.0", "out2": "--", "out3": "--"}
{"timestamp": 1713357530046, "out1": "-1.9", "out2": "--", "out3": "--"}
{"timestamp": 1713357530066, "out1": "--", "out2": "--", "out3": "--"}
{"timestamp": 1713357530086, "out1": "-3.6", "out2": "--", "out3": "--"}
{"timestamp": 1713357530106, "out1": "-3.8", "out2": "--", "out3": "--"}
{"timestamp": 1713357530126, "out1": "-4.0", "out2": "--", "out3": "--"}
{"timestamp": 1713357530146, "out1": "-3.8", "out2": "2.0", "out3": "--"}
{"timestamp": 1713357530166, "out1": "--", "out2": "--", "out3": "--"}
{"timestamp": 1713357530186, "out1": "-2.7", "out2": "--", "out3": "--"}
{"timestamp": 1713357530206, "out1": "-1.9", "out2": "--", "out3": "--"}
{"timestamp": 1713357530226, "out1": "--", "out2": "--", "out3": "--"}
{"timestamp": 1713357530246, "out1": "0.0", "out2": "--", "out3": "0.0"}
{"timestamp": 1713357530266, "out1": "0.5", "out2": "--", "out3": "--"}
{"timestamp": 1713357530286, "out1": "1.9", "out2": "--", "out3": "--"}
{"timestamp": 1713357530306, "out1": "2.4", "out2": "--", "out3": "--"}
{"timestamp": 1713357530326, "out1": "3.1", "out2": "--", "out3": "--"}
{"timestamp": 1713357530346, "out1": "3.8", "out2": "3.0", "out3": "--"}
{"timestamp": 1713357530366, "out1": "4.0", "out2": "--", "out3": "--"}
{"timestamp": 1713357530386, "out1": "--", "out2": "--", "out3": "--"}
{"timestamp": 1713357530406, "out1": "3.6", "out2": "--", "out3": "--"}
{"timestamp": 1713357530426, "out1": "3.1", "out2": "--", "out3": "--"}
{"timestamp": 1713357530446, "out1": "2.4", "out2": "--", "out3": "--"}
{"timestamp": 1713357530466, "out1": "1.5", "out2": "--", "out3": "--"}
{"timestamp": 1713357530486, "out1": "0.5", "out2": "--", "out3": "--"}
{"timestamp": 1713357530506, "out1": "-0.5", "out2": "--", "out3": "--"}
{"timestamp": 1713357530526, "out1": "-1.5", "out2": "--", "out3": "--"}
{"timestamp": 1713357530546, "out1": "--", "out2": "4.0", "out3": "--"}
{"timestamp": 1713357530566, "out1": "-2.7", "out2": "--", "out3": "--"}
{"timestamp": 1713357530586, "out1": "-3.6", "out2": "--", "out3": "--"}
{"timestamp": 1713357530606, "out1": "--", "out2": "--", "out3": "--"}
{"timestamp": 1713357530626, "out1": "-4.0", "out2": "--", "out3": "--"}
{"timestamp": 1713357530646, "out1": "-3.9", "out2": "--", "out3": "--"}
{"timestamp": 1713357530666, "out1": "-3.4", "out2": "--", "out3": "--"}
{"timestamp": 1713357530686, "out1": "--", "out2": "--", "out3": "--"}
{"timestamp": 1713357530706, "out1": "--", "out2": "--", "out3": "--"}
{"timestamp": 1713357530726, "out1": "-1.0", "out2": "--", "out3": "--"}
{"timestamp": 1713357530746, "out1": "-0.5", "out2": "5.0", "out3": "0.0"}
{"timestamp": 1713357530766, "out1": "1.0", "out2": "--", "out3": "--"}
{"timestamp": 1713357530786, "out1": "1.5", "out2": "--", "out3": "--"}
{"timestamp": 1713357530806, "out1": "--", "out2": "--", "out3": "--"}
{"timestamp": 1713357530826, "out1": "--", "out2": "--", "out3": "--"}
{"timestamp": 1713357530846, "out1": "--", "out2": "--", "out3": "--"}
{"timestamp": 1713357530866, "out1": "--", "out2": "--", "out3": "--"}
{"timestamp": 1713357530886, "out1": "--", "out2": "--", "out3": "--"}
{"timestamp": 1713357530906, "out1": "3.8", "out2": "--", "out3": "--"}
