{"timestamp": 1713356261042, "out1": "1.5", "out2": "-4.0", "out3": "--"}
{"timestamp": 1713356261142, "out1": "-3.1", "out2": "--", "out3": "--"}
{"timestamp": 1713356261242, "out1": "-3.4", "out2": "-3.0", "out3": "--"}
{"timestamp": 1713356261342, "out1": "-1.5", "out2": "--", "out3": "5.0"}
{"timestamp": 1713356261442, "out1": "4.0", "out2": "-2.0", "out3": "--"}
{"timestamp": 1713356261542, "out1": "1.5", "out2": "--", "out3": "--"}
{"timestamp": 1713356261642, "out1": "-1.5", "out2": "-1.0", "out3": "--"}
{"timestamp": 1713356261742, "out1": "-3.9", "out2": "--", "out3": "--"}
{"timestamp": 1713356261842, "out1": "0.0", "out2": "-0.0", "out3": "5.0"}
{"timestamp": 1713356261942, "out1": "3.9", "out2": "--", "out3": "--"}
{"timestamp": 1713356262042, "out1": "2.4", "out2": "1.0", "out3": "--"}
{"timestamp": 1713356262142, "out1": "-3.1", "out2": "--", "out3": "--"}
{"timestamp": 1713356262242, "out1": "-3.4", "out2": "2.0", "out3": "--"}
{"timestamp": 1713356262342, "out1": "1.0", "out2": "--", "out3": "0.0"}
{"timestamp": 1713356262442, "out1": "4.0", "out2": "3.0", "out3": "--"}
{"timestamp": 1713356262542, "out1": "2.4", "out2": "--", "out3": "--"}
{"timestamp": 1713356262642, "out1": "-3.1", "out2": "4.0", "out3": "--"}
{"timestamp": 1713356262742, "out1": "-4.0", "out2": "--", "out3": "--"}
{"timestamp": 1713356262842, "out1": "0.0", "out2": "5.0", "out3": "0.0"}
{"timestamp": 1713356262942, "out1": "4.0", "out2": "--", "out3": "--"}
{"timestamp": 1713356263042, "out1": "2.4", "out2": "4.0", "out3": "--"}
{"timestamp": 1713356263142, "out1": "-2.4", "out2": "--", "out3": "--"}
{"timestamp": 1713356263242, "out1": "-3.4", "out2": "3.0", "out3": "--"}
{"timestamp": 1713356263342, "out1": "1.0", "out2": "--", "out3": "0.0"}
{"timestamp": 1713356263442, "out1": "4.0", "out2": "2.0", "out3": "--"}
{"timestamp": 1713356263542, "out1": "1.5", "out2": "--", "out3": "--"}
{"timestamp": 1713356263642, "out1": "-3.1", "out2": "1.0", "out3": "--"}
{"timestamp": 1713356263742, "out1": "-4.0", "out2": "--", "out3": "--"}
{"timestamp": 1713356263842, "out1": "0.0", "out2": "0.0", "out3": "0.0"}
{"timestamp": 1713356263942, "out1": "3.9", "out2": "--", "out3": "--"}
{"timestamp": 1713356264042, "out1": "1.5", "out2": "-1.0", "out3": "--"}
{"timestamp": 1713356264142, "out1": "-1.9", "out2": "--", "out3": "--"}
{"timestamp": 1713356264242, "out1": "-3.6", "out2": "-2.0", "out3": "--"}
{"timestamp": 1713356264342, "out1": "1.0", "out2": "--", "out3": "0.0"}
{"timestamp": 1713356264442, "out1": "4.0", "out2": "-3.0", "out3": "--"}
{"timestamp": 1713356264542, "out1": "3.8", "out2": "--", "out3": "--"}
{"timestamp": 1713356264642, "out1": "-3.1", "out2": "-4.0", "out3": "--"}
{"timestamp": 1713356264742, "out1": "-3.6", "out2": "--", "out3": "--"}
{"timestamp": 1713356264842, "out1": "0.5", "out2": "-5.0", "out3": "0.0"}
{"timestamp": 1713356264942, "out1": "4.0", "out2": "--", "out3": "--"}
{"timestamp": 1713356265042, "out1": "2.7", "out2": "-4.0", "out3": "--"}
{"timestamp": 1713356265142, "out1": "-1.9", "out2": "--", "out3": "--"}
{"timestamp": 1713356265242, "out1": "-3.9", "out2": "--", "out3": "--"}
{"timestamp": 1713356265342, "out1": "1.0", "out2": "--", "out3": "5.0"}
{"timestamp": 1713356265442, "out1": "3.9", "out2": "-2.0", "out3": "--"}
{"timestamp": 1713356265542, "out1": "3.1", "out2": "--", "out3": "--"}
{"timestamp": 1713356265642, "out1": "-2.7", "out2": "-1.0", "out3": "--"}
{"timestamp": 1713356265742, "out1": "-3.8", "out2": "--", "out3": "--"}
{"timestamp": 1713356265842, "out1": "1.0", "out2": "-0.0", "out3": "5.0"}
{"timestamp": 1713356265942, "out1": "3.8", "out2": "--", "out3": "--"}
{"timestamp": 1713356266042, "out1": "1.5", "out2": "1.0", "out3": "--"}
{"timestamp": 1713356266142, "out1": "-3.1", "out2": "--", "out3": "--"}
{"timestamp": 1713356266242, "out1": "-3.4", "out2": "2.0", "out3": "--"}
{"timestamp": 1713356266342, "out1": "1.0", "out2": "--", "out3": "5.0"}
{"timestamp": 1713356266442, "out1": "--", "out2": "3.0", "out3": "--"}
{"timestamp": 1713356266542, "out1": "1.9", "out2": "--", "out3": "--"}
{"timestamp": 1713356266642, "out1": "-3.1", "out2": "4.0", "out3": "--"}
{"timestamp": 1713356266742, "out1": "-3.9", "out2": "--", "out3": "--"}
{"timestamp": 1713356266842, "out1": "1.0", "out2": "5.0", "out3": "5.0"}
{"timestamp": 1713356266942, "out1": "4.0", "out2": "--", "out3": "--"}
{"timestamp": 1713356267042, "out1": "3.9", "out2": "4.0", "out3": "--"}
{"timestamp": 1713356267142, "out1": "-3.1", "out2": "--", "out3": "--"}
{"timestamp": 1713356267242, "out1": "-3.4", "out2": "3.0", "out3": "--"}
{"timestamp": 1713356267342, "out1": "0.0", "out2": "--", "out3": "5.0"}
{"timestamp": 1713356267442, "out1": "3.9", "out2": "2.0", "out3": "--"}
{"timestamp": 1713356267542, "out1": "2.4", "out2": "--", "out3": "--"}
{"timestamp": 1713356267642, "out1": "-2.4", "out2": "--", "out3": "--"}
{"timestamp": 1713356267742, "out1": "-3.4", "out2": "--", "out3": "--"}
{"timestamp": 1713356267842, "out1": "1.0", "out2": "0.0", "out3": "5.0"}
{"timestamp": 1713356267942, "out1": "3.9", "out2": "--", "out3": "--"}
{"timestamp": 1713356268042, "out1": "1.9", "out2": "-1.0", "out3": "--"}
{"timestamp": 1713356268142, "out1": "-2.7", "out2": "--", "out3": "--"}
{"timestamp": 1713356268242, "out1": "-3.4", "out2": "-2.0", "out3": "--"}
{"timestamp": 1713356268342, "out1": "-0.5", "out2": "--", "out3": "0.0"}
{"timestamp": 1713356268442, "out1": "3.6", "out2": "-3.0", "out3": "--"}
{"timestamp": 1713356268542, "out1": "1.9", "out2": "--", "out3": "--"}
{"timestamp": 1713356268642, "out1": "-1.9", "out2": "-4.0", "out3": "--"}
{"timestamp": 1713356268742, "out1": "-3.4", "out2": "--", "out3": "--"}
{"timestamp": 1713356268842, "out1": "-1.0", "out2": "-5.0", "out3": "0.0"}
{"timestamp": 1713356268942, "out1": "4.0", "out2": "--", "out3": "--"}
{"timestamp": 1713356269042, "out1": "3.8", "out2": "-4.0", "out3": "--"}
{"timestamp": 1713356269142, "out1": "-2.4", "out2": "--", "out3": "--"}
{"timestamp": 1713356269242, "out1": "-3.8", "out2": "-3.0", "out3": "--"}
{"timestamp": 1713356269342, "out1": "1.0", "out2": "--", "out3": "5.0"}
{"timestamp": 1713356269442, "out1": "3.9", "out2": "-2.0", "out3": "--"}
{"timestamp": 1713356269542, "out1": "1.9", "out2": "--", "out3": "--"}
{"timestamp": 1713356269642, "out1": "-3.1", "out2": "-1.0", "out3": "--"}
{"timestamp": 1713356269742, "out1": "-3.6", "out2": "--", "out3": "--"}
{"timestamp": 1713356269842, "out1": "1.0", "out2": "-0.0", "out3": "5.0"}
{"timestamp": 1713356269942, "out1": "4.0", "out2": "--", "out3": "--"}
{"timestamp": 1713356270042, "out1": "1.5", "out2": "1.0", "out3": "--"}
{"timestamp": 1713356270142, "out1": "-3.1", "out2": "--", "out3": "--"}
{"timestamp": 1713356270242, "out1": "-3.8", "out2": "2.0", "out3": "--"}
{"timestamp": 1713356270342, "out1": "1.0", "out2": "--", "out3": "5.0"}
{"timestamp": 1713356270442, "out1": "4.0", "out2": "3.0", "out3": "--"}
{"timestamp": 1713356270542, "out1": "1.5", "out2": "--", "out3": "--"}
{"timestamp": 1713356270642, "out1": "-2.4", "out2": "4.0", "out3": "--"}
{"timestamp": 1713356270742, "out1": "-3.4", "out2": "--", "out3": "--"}
{"timestamp": 1713356270842, "out1": "0.5", "out2": "5.0", "out3": "5.0"}
{"timestamp": 1713356270942, "out1": "4.0", "out2": "--", "out3": "--"}
{"timestamp": 1713356271042, "out1": "1.5", "out2": "4.0", "out3": "--"}
{"timestamp": 1713356271142, "out1": "1.0", "out2": "--", "out3": "--"}
{"timestamp": 1713356271242, "out1": "-3.4", "out2": "3.0", "out3": "--"}
{"timestamp": 1713356271342, "out1": "1.0", "out2": "--", "out3": "5.0"}
{"timestamp": 1713356271442, "out1": "3.8", "out2": "2.0", "out3": "--"}
{"timestamp": 1713356271542, "out1": "1.9", "out2": "--", "out3": "--"}
{"timestamp": 1713356271642, "out1": "-3.1", "out2": "1.0", "out3": "--"}
{"timestamp": 1713356271742, "out1": "-4.0", "out2": "--", "out3": "--"}
{"timestamp": 1713356271842, "out1": "0.5", "out2": "0.0", "out3": "5.0"}
{"timestamp": 1713356271942, "out1": "4.0", "out2": "--", "out3": "--"}
{"timestamp": 1713356272042, "out1": "1.5", "out2": "-1.0", "out3": "--"}
{"timestamp": 1713356272142, "out1": "-1.0", "out2": "--", "out3": "--"}
{"timestamp": 1713356272242, "out1": "-3.4", "out2": "--", "out3": "--"}
{"timestamp": 1713356272342, "out1": "-0.5", "out2": "--", "out3": "5.0"}
{"timestamp": 1713356272442, "out1": "3.9", "out2": "-3.0", "out3": "--"}
{"timestamp": 1713356272542, "out1": "2.4", "out2": "--", "out3": "--"}
{"timestamp": 1713356272642, "out1": "-2.4", "out2": "-4.0", "out3": "--"}
{"timestamp": 1713356272742, "out1": "-3.4", "out2": "--", "out3": "--"}
{"timestamp": 1713356272842, "out1": "0.5", "out2": "-5.0", "out3": "5.0"}
{"timestamp": 1713356272942, "out1": "3.9", "out2": "--", "out3": "--"}
{"timestamp": 1713356273042, "out1": "1.5", "out2": "-4.0", "out3": "--"}
{"timestamp": 1713356273142, "out1": "-1.0", "out2": "--", "out3": "--"}
{"timestamp": 1713356273242, "out1": "-3.4", "out2": "-3.0", "out3": "--"}
{"timestamp": 1713356273342, "out1": "1.0", "out2": "--", "out3": "0.0"}
{"timestamp": 1713356273442, "out1": "3.8", "out2": "-2.0", "out3": "--"}
{"timestamp": 1713356273542, "out1": "1.9", "out2": "--", "out3": "--"}
{"timestamp": 1713356273642, "out1": "-3.1", "out2": "-1.0", "out3": "--"}
{"timestamp": 1713356273742, "out1": "-3.4", "out2": "--", "out3": "--"}
{"timestamp": 1713356273842, "out1": "0.5", "out2": "-0.0", "out3": "0.0"}
{"timestamp": 1713356273942, "out1": "4.0", "out2": "--", "out3": "--"}
{"timestamp": 1713356274042, "out1": "3.1", "out2": "1.0", "out3": "--"}
{"timestamp": 1713356274142, "out1": "-3.1", "out2": "--", "out3": "--"}
{"timestamp": 1713356274242, "out1": "-3.6", "out2": "2.0", "out3": "--"}
{"timestamp": 1713356274342, "out1": "0.0", "out2": "--", "out3": "0.0"}
{"timestamp": 1713356274442, "out1": "4.0", "out2": "3.0", "out3": "--"}
{"timestamp": 1713356274542, "out1": "3.8", "out2": "--", "out3": "--"}
{"timestamp": 1713356274642, "out1": "-1.9", "out2": "4.0", "out3": "--"}
{"timestamp": 1713356274742, "out1": "-3.6", "out2": "--", "out3": "--"}
{"timestamp": 1713356274842, "out1": "0.5", "out2": "5.0", "out3": "0.0"}
{"timestamp": 1713356274942, "out1": "3.8", "out2": "--", "out3": "--"}
{"timestamp": 1713356275042, "out1": "3.4", "out2": "4.0", "out3": "--"}
{"timestamp": 1713356275142, "out1": "-2.4", "out2": "--", "out3": "--"}
{"timestamp": 1713356275242, "out1": "-4.0", "out2": "3.0", "out3": "--"}
{"timestamp": 1713356275342, "out1": "-0.5", "out2": "--", "out3": "5.0"}
{"timestamp": 1713356275442, "out1": "3.8", "out2": "2.0", "out3": "--"}
{"timestamp": 1713356275542, "out1": "1.5", "out2": "--", "out3": "--"}
{"timestamp": 1713356275642, "out1": "-3.1", "out2": "1.0", "out3": "--"}
{"timestamp": 1713356275742, "out1": "-3.4", "out2": "--", "out3": "--"}
{"timestamp": 1713356275842, "out1": "0.5", "out2": "0.0", "out3": "5.0"}
{"timestamp": 1713356275942, "out1": "3.9", "out2": "--", "out3": "--"}
{"timestamp": 1713356276042, "out1": "2.4", "out2": "-1.0", "out3": "--"}
{"timestamp": 1713356276142, "out1": "-3.1", "out2": "--", "out3": "--"}
{"timestamp": 1713356276242, "out1": "-3.4", "out2": "-2.0", "out3": "--"}
{"timestamp": 1713356276342, "out1": "-0.5", "out2": "--", "out3": "5.0"}
{"timestamp": 1713356276442, "out1": "4.0", "out2": "-3.0", "out3": "--"}
{"timestamp": 1713356276542, "out1": "2.4", "out2": "--", "out3": "--"}
{"timestamp": 1713356276642, "out1": "-3.1", "out2": "-4.0", "out3": "--"}
{"timestamp": 1713356276742, "out1": "-3.4", "out2": "--", "out3": "--"}
{"timestamp": 1713356276842, "out1": "-0.5", "out2": "-5.0", "out3": "5.0"}
{"timestamp": 1713356276942, "out1": "3.8", "out2": "--", "out3": "--"}
{"timestamp": 1713356277042, "out1": "1.5", "out2": "-4.0", "out3": "--"}
{"timestamp": 1713356277142, "out1": "-3.1", "out2": "--", "out3": "--"}
{"timestamp": 1713356277242, "out1": "-3.6", "out2": "-3.0", "out3": "--"}
{"timestamp": 1713356277342, "out1": "0.5", "out2": "--", "out3": "0.0"}
{"timestamp": 1713356277442, "out1": "3.8", "out2": "-2.0", "out3": "--"}
{"timestamp": 1713356277542, "out1": "3.1", "out2": "--", "out3": "--"}
{"timestamp": 1713356277642, "out1": "-3.1", "out2": "-1.0", "out3": "--"}
{"timestamp": 1713356277742, "out1": "-3.4", "out2": "--", "out3": "--"}
{"timestamp": 1713356277842, "out1": "1.0", "out2": "-0.0", "out3": "0.0"}
{"timestamp": 1713356277942, "out1": "3.9", "out2": "--", "out3": "--"}
{"timestamp": 1713356278042, "out1": "1.9", "out2": "1.0", "out3": "--"}
{"timestamp": 1713356278142, "out1": "-2.4", "out2": "--", "out3": "--"}
{"timestamp": 1713356278242, "out1": "-3.4", "out2": "2.0", "out3": "--"}
{"timestamp": 1713356278342, "out1": "0.0", "out2": "--", "out3": "0.0"}
{"timestamp": 1713356278442, "out1": "3.1", "out2": "3.0", "out3": "--"}
{"timestamp": 1713356278542, "out1": "1.5", "out2": "--", "out3": "--"}
{"timestamp": 1713356278642, "out1": "-2.7", "out2": "4.0", "out3": "--"}
{"timestamp": 1713356278742, "out1": "-3.4", "out2": "--", "out3": "--"}
{"timestamp": 1713356278842, "out1": "1.0", "out2": "5.0", "out3": "0.0"}
{"timestamp": 1713356278942, "out1": "2.4", "out2": "--", "out3": "--"}
{"timestamp": 1713356279042, "out1": "3.4", "out2": "4.0", "out3": "--"}
{"timestamp": 1713356279142, "out1": "-3.1", "out2": "--", "out3": "--"}
{"timestamp": 1713356279242, "out1": "--", "out2": "3.0", "out3": "--"}
{"timestamp": 1713356279342, "out1": "-0.5", "out2": "--", "out3": "5.0"}
{"timestamp": 1713356279442, "out1": "3.6", "out2": "2.0", "out3": "--"}
{"timestamp": 1713356279542, "out1": "3.9", "out2": "--", "out3": "--"}
{"timestamp": 1713356279642, "out1": "-3.1", "out2": "1.0", "out3": "--"}
{"timestamp": 1713356279742, "out1": "-3.9", "out2": "--", "out3": "--"}
{"timestamp": 1713356279842, "out1": "-1.9", "out2": "0.0", "out3": "5.0"}
{"timestamp": 1713356279942, "out1": "3.6", "out2": "--", "out3": "--"}
{"timestamp": 1713356280042, "out1": "1.5", "out2": "-1.0", "out3": "--"}
{"timestamp": 1713356280142, "out1": "-2.7", "out2": "--", "out3": "--"}
{"timestamp": 1713356280242, "out1": "-4.0", "out2": "-2.0", "out3": "--"}
{"timestamp": 1713356280342, "out1": "1.0", "out2": "--", "out3": "5.0"}
{"timestamp": 1713356280442, "out1": "4.0", "out2": "--", "out3": "--"}
{"timestamp": 1713356280542, "out1": "3.4", "out2": "--", "out3": "--"}
{"timestamp": 1713356280642, "out1": "-2.7", "out2": "-4.0", "out3": "--"}
{"timestamp": 1713356280742, "out1": "-3.8", "out2": "--", "out3": "--"}
{"timestamp": 1713356280842, "out1": "0.5", "out2": "-5.0", "out3": "5.0"}
{"timestamp": 1713356280942, "out1": "3.9", "out2": "--", "out3": "--"}
{"timestamp": 1713356281042, "out1": "1.5", "out2": "-4.0", "out3": "--"}
{"timestamp": 1713356281142, "out1": "-2.4", "out2": "--", "out3": "--"}
{"timestamp": 1713356281242, "out1": "-3.9", "out2": "-3.0", "out3": "--"}
{"timestamp": 1713356281342, "out1": "1.0", "out2": "--", "out3": "5.0"}
{"timestamp": 1713356281442, "out1": "4.0", "out2": "-2.0", "out3": "--"}
{"timestamp": 1713356281542, "out1": "3.6", "out2": "--", "out3": "--"}
{"timestamp": 1713356281642, "out1": "-1.9", "out2": "-1.0", "out3": "--"}
{"timestamp": 1713356281742, "out1": "-4.0", "out2": "--", "out3": "--"}
{"timestamp": 1713356281842, "out1": "1.0", "out2": "-0.0", "out3": "5.0"}
{"timestamp": 1713356281942, "out1": "4.0", "out2": "--", "out3": "--"}
{"timestamp": 1713356282042, "out1": "1.5", "out2": "--", "out3": "--"}
{"timestamp": 1713356282142, "out1": "-3.1", "out2": "--", "out3": "--"}
{"timestamp": 1713356282242, "out1": "-3.6", "out2": "2.0", "out3": "--"}
{"timestamp": 1713356282342, "out1": "0.0", "out2": "--", "out3": "0.0"}
{"timestamp": 1713356282442, "out1": "3.8", "out2": "3.0", "out3": "--"}
{"timestamp": 1713356282542, "out1": "2.7", "out2": "--", "out3": "--"}
{"timestamp": 1713356282642, "out1": "-2.7", "out2": "4.0", "out3": "--"}
{"timestamp": 1713356282742, "out1": "-3.8", "out2": "--", "out3": "--"}
{"timestamp": 1713356282842, "out1": "1.5", "out2": "5.0", "out3": "0.0"}
{"timestamp": 1713356282942, "out1": "4.0", "out2": "--", "out3": "--"}
{"timestamp": 1713356283042, "out1": "1.5", "out2": "4.0", "out3": "--"}
{"timestamp": 1713356283142, "out1": "-3.1", "out2": "--", "out3": "--"}
